[2026-03-21T09:04:18Z] service start interval=86400 s
[2026-03-21T09:04:18Z] collecting papers...
[2026-03-21T09:04:19.058138] === Papers Collector Started ===
[2026-03-21T09:04:19.058382] Fetching top 3 papers from HuggingFace...
[2026-03-21T09:04:19.862678] Fetched 3 papers: ['2603.12372', '2603.14935', '2603.19235']
[2026-03-21T09:04:19.862868] Generating explanation for 2603.12372...
[2026-03-21T09:04:20.456449] Generated explanation for 2603.12372
[2026-03-21T09:04:20.456621] Generating explanation for 2603.14935...
[2026-03-21T09:04:21.154973] Generated explanation for 2603.14935
[2026-03-21T09:04:21.155171] Generating explanation for 2603.19235...
[2026-03-21T09:04:21.996135] Generated explanation for 2603.19235
[2026-03-21T09:04:21.996316] === Papers Collector Completed: 3/3 papers processed ===
[2026-03-21T09:04:22Z] sleeping for 86400 s
[2026-03-22T09:04:22Z] collecting papers...
[2026-03-22T09:04:22.039996] === Papers Collector Started ===
[2026-03-22T09:04:22.040319] Fetching top 3 papers from HuggingFace...
[2026-03-22T09:04:22.159734] Fetched 3 papers: ['2603.12372', '2603.14935', '2603.19235']
[2026-03-22T09:04:22.160013] Generating explanation for 2603.12372...
[2026-03-22T09:04:22.911095] Generated explanation for 2603.12372
[2026-03-22T09:04:22.911318] Generating explanation for 2603.14935...
[2026-03-22T09:04:23.678831] Generated explanation for 2603.14935
[2026-03-22T09:04:23.679040] Generating explanation for 2603.19235...
[2026-03-22T09:04:24.453347] Generated explanation for 2603.19235
[2026-03-22T09:04:24.453548] === Papers Collector Completed: 3/3 papers processed ===
[2026-03-22T09:04:24Z] sleeping for 86400 s
[2026-03-23T09:04:24Z] collecting papers...
[2026-03-23T09:04:24.491159] === Papers Collector Started ===
[2026-03-23T09:04:24.491394] Fetching top 3 papers from HuggingFace...
[2026-03-23T09:04:24.626100] Fetched 3 papers: ['2603.19235', '2603.17024', '2603.19228']
[2026-03-23T09:04:24.626285] Generating explanation for 2603.19235...
[2026-03-23T09:04:25.247602] Generated explanation for 2603.19235
[2026-03-23T09:04:25.247794] Generating explanation for 2603.17024...
[2026-03-23T09:04:26.052824] Generated explanation for 2603.17024
[2026-03-23T09:04:26.053079] Generating explanation for 2603.19228...
[2026-03-23T09:04:26.842416] Generated explanation for 2603.19228
[2026-03-23T09:04:26.842668] === Papers Collector Completed: 3/3 papers processed ===
[2026-03-23T09:04:26Z] sleeping for 86400 s
