[2026-03-19T20:04:18.633061] === Papers Collector Started ===
[2026-03-19T20:04:18.633333] Fetching top 3 papers from HuggingFace...
[2026-03-19T20:04:18.760136] Error fetching papers: usage: hf_papers.py [-h]
                    {fetch,get,top,explain,generate,post,auto-post,save} ...
hf_papers.py: error: unrecognized arguments: --json

[2026-03-19T20:04:18.760302] No papers fetched, exiting
[2026-03-19T20:05:18.350065] === Papers Collector Started ===
[2026-03-19T20:05:18.350193] Fetching top 3 papers from HuggingFace...
[2026-03-19T20:05:19.121244] Fetched 3 papers: ['2603.13398', '2603.14935', '2603.17187']
[2026-03-19T20:05:19.121411] Generating explanation for 2603.13398...
[2026-03-19T20:05:19.910982] Generated explanation for 2603.13398
[2026-03-19T20:05:19.911128] Generating explanation for 2603.14935...
[2026-03-19T20:05:20.664600] Generated explanation for 2603.14935
[2026-03-19T20:05:20.664756] Generating explanation for 2603.17187...
[2026-03-19T20:05:21.404266] Generated explanation for 2603.17187
[2026-03-19T20:05:21.404413] === Papers Collector Completed: 3/3 papers processed ===
[2026-03-21T09:04:19.058138] === Papers Collector Started ===
[2026-03-21T09:04:19.058382] Fetching top 3 papers from HuggingFace...
[2026-03-21T09:04:19.862678] Fetched 3 papers: ['2603.12372', '2603.14935', '2603.19235']
[2026-03-21T09:04:19.862868] Generating explanation for 2603.12372...
[2026-03-21T09:04:20.456449] Generated explanation for 2603.12372
[2026-03-21T09:04:20.456621] Generating explanation for 2603.14935...
[2026-03-21T09:04:21.154973] Generated explanation for 2603.14935
[2026-03-21T09:04:21.155171] Generating explanation for 2603.19235...
[2026-03-21T09:04:21.996135] Generated explanation for 2603.19235
[2026-03-21T09:04:21.996316] === Papers Collector Completed: 3/3 papers processed ===
