[2026-05-06T10:03:51.476123] === Paper Auto Collector started (source=hf, limit=2) ===
[2026-05-06T10:03:51.476363] Collecting from HuggingFace (limit=2)...
[2026-05-06T10:03:51.559617] No output from HF script
[2026-05-06T10:03:51.560550] Saved 0 new papers (huggingface) → /config/.openclaw/workspace/memory/docs/papers/collected-2026-05-06.json
[2026-05-06T10:03:51.560670] === Done: 0 new papers collected ===
[2026-05-06T10:04:22.339780] === Paper Auto Collector started (source=hf, limit=3) ===
[2026-05-06T10:04:22.339956] Collecting from HuggingFace (limit=3)...
[2026-05-06T10:04:22.518058] HF: fetched 0 papers
[2026-05-06T10:04:22.518610] Saved 0 new papers (huggingface) → /config/.openclaw/workspace/memory/docs/papers/collected-2026-05-06.json
[2026-05-06T10:04:22.518691] === Done: 0 new papers collected ===
[2026-05-06T10:04:43.346396] === Paper Auto Collector started (source=hf, limit=3) ===
[2026-05-06T10:04:43.346608] Collecting from HuggingFace (limit=3)...
[2026-05-06T10:04:43.568017] HF: fetched 3 papers
[2026-05-06T10:04:43.569061] Saved 3 new papers (huggingface) → /config/.openclaw/workspace/memory/docs/papers/collected-2026-05-06.json
[2026-05-06T10:04:43.569248] === Done: 3 new papers collected ===
[2026-05-08T07:07:25.069079] === Paper Auto Collector started (source=all, limit=5) ===
[2026-05-08T07:07:25.069195] Collecting from HuggingFace (limit=5)...
[2026-05-08T07:07:25.209391] HF: fetched 5 papers
[2026-05-08T07:07:25.210263] Saved 5 new papers (huggingface) → /config/.openclaw/workspace/memory/docs/papers/collected-2026-05-08.json
[2026-05-08T07:07:25.210340] Collecting from arXiv (limit=5)...
[2026-05-08T07:07:25.268669] No output from arXiv script
[2026-05-08T07:07:25.269716] Saved 0 new papers (arxiv) → /config/.openclaw/workspace/memory/docs/papers/collected-2026-05-08.json
[2026-05-08T07:07:25.711851] Discord notification sent (5 papers)
[2026-05-08T07:07:25.712013] === Done: 5 new papers collected ===
[2026-05-09T07:07:26.239633] === Paper Auto Collector started (source=all, limit=5) ===
[2026-05-09T07:07:26.239753] Collecting from HuggingFace (limit=5)...
[2026-05-09T07:07:26.947389] HF: fetched 5 papers
[2026-05-09T07:07:26.948192] Saved 5 new papers (huggingface) → /config/.openclaw/workspace/memory/docs/papers/collected-2026-05-09.json
[2026-05-09T07:07:26.948258] Collecting from arXiv (limit=5)...
[2026-05-09T07:07:27.004414] No output from arXiv script
[2026-05-09T07:07:27.005335] Saved 0 new papers (arxiv) → /config/.openclaw/workspace/memory/docs/papers/collected-2026-05-09.json
[2026-05-09T07:07:27.406996] Discord notification sent (5 papers)
[2026-05-09T07:07:27.407153] === Done: 5 new papers collected ===
